#-----------------------------------------------------------
# Vivado v2019.2 (64-bit)
# SW Build 2708876 on Wed Nov  6 21:40:23 MST 2019
# IP Build 2700528 on Thu Nov  7 00:09:20 MST 2019
# Start of session at: Thu May 14 14:51:51 2020
# Process ID: 16444
# Current directory: C:/Users/anubh/OneDrive/Documents/GitHub/cache-picorv32
# Command line: vivado.exe -gui_launcher_event rodinguilauncherevent9408 C:\Users\anubh\OneDrive\Documents\GitHub\cache-picorv32\project_4.xpr
# Log file: C:/Users/anubh/OneDrive/Documents/GitHub/cache-picorv32/vivado.log
# Journal file: C:/Users/anubh/OneDrive/Documents/GitHub/cache-picorv32\vivado.jou
#-----------------------------------------------------------
start_gui
open_project C:/Users/anubh/OneDrive/Documents/GitHub/cache-picorv32/project_4.xpr
INFO: [Project 1-313] Project file moved from 'C:/Users/harshith/Desktop/project_4' since last save.
CRITICAL WARNING: [Project 1-311] Could not find the file 'C:/Users/anubh/OneDrive/Documents/GitHub/myprojectre/picorv32/picorv32.v', nor could it be found using path 'C:/Users/harshith/Desktop/myprojectre/picorv32/picorv32.v'.
CRITICAL WARNING: [Project 1-311] Could not find the file 'C:/Users/anubh/OneDrive/Documents/GitHub/myprojectre/picorv32/testbench_ez.v', nor could it be found using path 'C:/Users/harshith/Desktop/myprojectre/picorv32/testbench_ez.v'.
CRITICAL WARNING: [Project 1-311] Could not find the file 'C:/Users/anubh/OneDrive/Documents/GitHub/myprojectre/picorv32/picosoc/picosoc.v', nor could it be found using path 'C:/Users/harshith/Desktop/myprojectre/picorv32/picosoc/picosoc.v'.
Scanning sources...
Finished scanning sources
INFO: [IP_Flow 19-234] Refreshing IP repositories
INFO: [IP_Flow 19-1704] No user IP repositories specified
INFO: [IP_Flow 19-2313] Loaded Vivado IP repository 'C:/Xilinx/Vivado/2019.2/data/ip'.
open_project: Time (s): cpu = 00:00:11 ; elapsed = 00:00:06 . Memory (MB): peak = 897.016 ; gain = 242.707
update_compile_order -fileset sources_1
update_compile_order -fileset sim_1
update_compile_order -fileset sources_1
add_files -norecurse C:/Users/anubh/OneDrive/Documents/GitHub/cache-picorv32/project_4.srcs/sources_1/new/my_cache.v
update_compile_order -fileset sources_1
add_files -norecurse {C:/Users/anubh/OneDrive/Documents/GitHub/cache-picorv32/project_4.srcs/sources_1/new/muxnto1.v C:/Users/anubh/OneDrive/Documents/GitHub/cache-picorv32/project_4.srcs/sources_1/new/comparator.v C:/Users/anubh/OneDrive/Documents/GitHub/cache-picorv32/project_4.srcs/sources_1/new/my_cache.v}
WARNING: [filemgmt 56-12] File 'C:/Users/anubh/OneDrive/Documents/GitHub/cache-picorv32/project_4.srcs/sources_1/new/my_cache.v' cannot be added to the project because it already exists in the project, skipping this file
update_compile_order -fileset sources_1
add_files -norecurse C:/Users/anubh/OneDrive/Documents/GitHub/cache-picorv32/project_4.srcs/sources_1/new/my_cache.v
WARNING: [filemgmt 56-12] File 'C:/Users/anubh/OneDrive/Documents/GitHub/cache-picorv32/project_4.srcs/sources_1/new/my_cache.v' cannot be added to the project because it already exists in the project, skipping this file
add_files -norecurse {C:/Users/anubh/OneDrive/Documents/GitHub/cache-picorv32/project_4.srcs/sources_1/new/muxnto1.v C:/Users/anubh/OneDrive/Documents/GitHub/cache-picorv32/project_4.srcs/sources_1/new/comparator.v C:/Users/anubh/OneDrive/Documents/GitHub/cache-picorv32/project_4.srcs/sources_1/new/my_cache.v C:/Users/anubh/OneDrive/Documents/GitHub/cache-picorv32/project_4.srcs/sources_1/new/mycache_withmem.v}
WARNING: [filemgmt 56-12] File 'C:/Users/anubh/OneDrive/Documents/GitHub/cache-picorv32/project_4.srcs/sources_1/new/muxnto1.v' cannot be added to the project because it already exists in the project, skipping this file
WARNING: [filemgmt 56-12] File 'C:/Users/anubh/OneDrive/Documents/GitHub/cache-picorv32/project_4.srcs/sources_1/new/comparator.v' cannot be added to the project because it already exists in the project, skipping this file
WARNING: [filemgmt 56-12] File 'C:/Users/anubh/OneDrive/Documents/GitHub/cache-picorv32/project_4.srcs/sources_1/new/my_cache.v' cannot be added to the project because it already exists in the project, skipping this file
update_compile_order -fileset sources_1
WARNING: [filemgmt 56-199] Attempt to get parsing info during refresh. "On-the-fly" syntax checking information may be incorrect. [C:\Users\anubh\OneDrive\Documents\GitHub\cache-picorv32\project_4.srcs\sources_1\new\my_cache.v:]
WARNING: [filemgmt 56-199] Attempt to get parsing info during refresh. "On-the-fly" syntax checking information may be incorrect. [C:\Users\anubh\OneDrive\Documents\GitHub\cache-picorv32\project_4.srcs\sources_1\new\mycore.v:]
WARNING: [filemgmt 56-199] Attempt to get parsing info during refresh. "On-the-fly" syntax checking information may be incorrect. [C:\Users\anubh\OneDrive\Documents\GitHub\cache-picorv32\project_4.srcs\sources_1\new\comparator.v:]
WARNING: [filemgmt 56-199] Attempt to get parsing info during refresh. "On-the-fly" syntax checking information may be incorrect. [C:\Users\anubh\OneDrive\Documents\GitHub\cache-picorv32\project_4.srcs\sources_1\new\mycore_tb.v:]
ERROR: [Common 17-180] Spawn failed: No error
WARNING: [filemgmt 56-199] Attempt to get parsing info during refresh. "On-the-fly" syntax checking information may be incorrect. [C:\Users\anubh\OneDrive\Documents\GitHub\cache-picorv32\project_4.srcs\sources_1\new\my_cache.v:]
WARNING: [filemgmt 56-199] Attempt to get parsing info during refresh. "On-the-fly" syntax checking information may be incorrect. [C:\Users\anubh\OneDrive\Documents\GitHub\cache-picorv32\project_4.srcs\sources_1\new\mycore.v:]
WARNING: [filemgmt 56-199] Attempt to get parsing info during refresh. "On-the-fly" syntax checking information may be incorrect. [C:\Users\anubh\OneDrive\Documents\GitHub\cache-picorv32\project_4.srcs\sources_1\new\comparator.v:]
WARNING: [filemgmt 56-199] Attempt to get parsing info during refresh. "On-the-fly" syntax checking information may be incorrect. [C:\Users\anubh\OneDrive\Documents\GitHub\cache-picorv32\project_4.srcs\sources_1\new\mycore_tb.v:]
WARNING: [filemgmt 56-199] Attempt to get parsing info during refresh. "On-the-fly" syntax checking information may be incorrect. [C:\Users\anubh\OneDrive\Documents\GitHub\cache-picorv32\project_4.srcs\sources_1\new\my_cache.v:]
WARNING: [filemgmt 56-199] Attempt to get parsing info during refresh. "On-the-fly" syntax checking information may be incorrect. [C:\Users\anubh\OneDrive\Documents\GitHub\cache-picorv32\project_4.srcs\sources_1\new\mycore.v:]
WARNING: [filemgmt 56-199] Attempt to get parsing info during refresh. "On-the-fly" syntax checking information may be incorrect. [C:\Users\anubh\OneDrive\Documents\GitHub\cache-picorv32\project_4.srcs\sources_1\new\comparator.v:]
WARNING: [filemgmt 56-199] Attempt to get parsing info during refresh. "On-the-fly" syntax checking information may be incorrect. [C:\Users\anubh\OneDrive\Documents\GitHub\cache-picorv32\project_4.srcs\sources_1\new\mycore_tb.v:]
ERROR: [Common 17-180] Spawn failed: No error
WARNING: [filemgmt 56-199] Attempt to get parsing info during refresh. "On-the-fly" syntax checking information may be incorrect. [C:\Users\anubh\OneDrive\Documents\GitHub\cache-picorv32\project_4.srcs\sources_1\new\my_cache.v:]
WARNING: [filemgmt 56-199] Attempt to get parsing info during refresh. "On-the-fly" syntax checking information may be incorrect. [C:\Users\anubh\OneDrive\Documents\GitHub\cache-picorv32\project_4.srcs\sources_1\new\mycore.v:]
WARNING: [filemgmt 56-199] Attempt to get parsing info during refresh. "On-the-fly" syntax checking information may be incorrect. [C:\Users\anubh\OneDrive\Documents\GitHub\cache-picorv32\project_4.srcs\sources_1\new\comparator.v:]
WARNING: [filemgmt 56-199] Attempt to get parsing info during refresh. "On-the-fly" syntax checking information may be incorrect. [C:\Users\anubh\OneDrive\Documents\GitHub\cache-picorv32\project_4.srcs\sources_1\new\mycore_tb.v:]
ERROR: [Common 17-180] Spawn failed: No error
WARNING: [filemgmt 56-199] Attempt to get parsing info during refresh. "On-the-fly" syntax checking information may be incorrect. [C:\Users\anubh\OneDrive\Documents\GitHub\cache-picorv32\project_4.srcs\sources_1\new\my_cache.v:]
WARNING: [filemgmt 56-199] Attempt to get parsing info during refresh. "On-the-fly" syntax checking information may be incorrect. [C:\Users\anubh\OneDrive\Documents\GitHub\cache-picorv32\project_4.srcs\sources_1\new\mycore.v:]
WARNING: [filemgmt 56-199] Attempt to get parsing info during refresh. "On-the-fly" syntax checking information may be incorrect. [C:\Users\anubh\OneDrive\Documents\GitHub\cache-picorv32\project_4.srcs\sources_1\new\comparator.v:]
WARNING: [filemgmt 56-199] Attempt to get parsing info during refresh. "On-the-fly" syntax checking information may be incorrect. [C:\Users\anubh\OneDrive\Documents\GitHub\cache-picorv32\project_4.srcs\sources_1\new\mycore_tb.v:]
ERROR: [Common 17-180] Spawn failed: No error
WARNING: [filemgmt 56-199] Attempt to get parsing info during refresh. "On-the-fly" syntax checking information may be incorrect. [C:\Users\anubh\OneDrive\Documents\GitHub\cache-picorv32\project_4.srcs\sources_1\new\my_cache.v:]
WARNING: [filemgmt 56-199] Attempt to get parsing info during refresh. "On-the-fly" syntax checking information may be incorrect. [C:\Users\anubh\OneDrive\Documents\GitHub\cache-picorv32\project_4.srcs\sources_1\new\mycore.v:]
WARNING: [filemgmt 56-199] Attempt to get parsing info during refresh. "On-the-fly" syntax checking information may be incorrect. [C:\Users\anubh\OneDrive\Documents\GitHub\cache-picorv32\project_4.srcs\sources_1\new\comparator.v:]
WARNING: [filemgmt 56-199] Attempt to get parsing info during refresh. "On-the-fly" syntax checking information may be incorrect. [C:\Users\anubh\OneDrive\Documents\GitHub\cache-picorv32\project_4.srcs\sources_1\new\mycore_tb.v:]
ERROR: [Common 17-180] Spawn failed: No error
WARNING: [filemgmt 56-199] Attempt to get parsing info during refresh. "On-the-fly" syntax checking information may be incorrect. [C:\Users\anubh\OneDrive\Documents\GitHub\cache-picorv32\project_4.srcs\sources_1\new\my_cache.v:]
WARNING: [filemgmt 56-199] Attempt to get parsing info during refresh. "On-the-fly" syntax checking information may be incorrect. [C:\Users\anubh\OneDrive\Documents\GitHub\cache-picorv32\project_4.srcs\sources_1\new\mycore.v:]
WARNING: [filemgmt 56-199] Attempt to get parsing info during refresh. "On-the-fly" syntax checking information may be incorrect. [C:\Users\anubh\OneDrive\Documents\GitHub\cache-picorv32\project_4.srcs\sources_1\new\comparator.v:]
WARNING: [filemgmt 56-199] Attempt to get parsing info during refresh. "On-the-fly" syntax checking information may be incorrect. [C:\Users\anubh\OneDrive\Documents\GitHub\cache-picorv32\project_4.srcs\sources_1\new\mycore_tb.v:]
ERROR: [Common 17-180] Spawn failed: No error
WARNING: [filemgmt 56-199] Attempt to get parsing info during refresh. "On-the-fly" syntax checking information may be incorrect. [C:\Users\anubh\OneDrive\Documents\GitHub\cache-picorv32\project_4.srcs\sources_1\new\my_cache.v:]
WARNING: [filemgmt 56-199] Attempt to get parsing info during refresh. "On-the-fly" syntax checking information may be incorrect. [C:\Users\anubh\OneDrive\Documents\GitHub\cache-picorv32\project_4.srcs\sources_1\new\mycore.v:]
WARNING: [filemgmt 56-199] Attempt to get parsing info during refresh. "On-the-fly" syntax checking information may be incorrect. [C:\Users\anubh\OneDrive\Documents\GitHub\cache-picorv32\project_4.srcs\sources_1\new\comparator.v:]
WARNING: [filemgmt 56-199] Attempt to get parsing info during refresh. "On-the-fly" syntax checking information may be incorrect. [C:\Users\anubh\OneDrive\Documents\GitHub\cache-picorv32\project_4.srcs\sources_1\new\mycore_tb.v:]
ERROR: [Common 17-180] Spawn failed: No error
WARNING: [filemgmt 56-199] Attempt to get parsing info during refresh. "On-the-fly" syntax checking information may be incorrect. [C:\Users\anubh\OneDrive\Documents\GitHub\cache-picorv32\project_4.srcs\sources_1\new\my_cache.v:]
WARNING: [filemgmt 56-199] Attempt to get parsing info during refresh. "On-the-fly" syntax checking information may be incorrect. [C:\Users\anubh\OneDrive\Documents\GitHub\cache-picorv32\project_4.srcs\sources_1\new\mycore.v:]
WARNING: [filemgmt 56-199] Attempt to get parsing info during refresh. "On-the-fly" syntax checking information may be incorrect. [C:\Users\anubh\OneDrive\Documents\GitHub\cache-picorv32\project_4.srcs\sources_1\new\comparator.v:]
WARNING: [filemgmt 56-199] Attempt to get parsing info during refresh. "On-the-fly" syntax checking information may be incorrect. [C:\Users\anubh\OneDrive\Documents\GitHub\cache-picorv32\project_4.srcs\sources_1\new\mycore_tb.v:]
ERROR: [Common 17-180] Spawn failed: No error
WARNING: [filemgmt 56-199] Attempt to get parsing info during refresh. "On-the-fly" syntax checking information may be incorrect. [C:\Users\anubh\OneDrive\Documents\GitHub\cache-picorv32\project_4.srcs\sources_1\new\my_cache.v:]
WARNING: [filemgmt 56-199] Attempt to get parsing info during refresh. "On-the-fly" syntax checking information may be incorrect. [C:\Users\anubh\OneDrive\Documents\GitHub\cache-picorv32\project_4.srcs\sources_1\new\mycore.v:]
WARNING: [filemgmt 56-199] Attempt to get parsing info during refresh. "On-the-fly" syntax checking information may be incorrect. [C:\Users\anubh\OneDrive\Documents\GitHub\cache-picorv32\project_4.srcs\sources_1\new\comparator.v:]
WARNING: [filemgmt 56-199] Attempt to get parsing info during refresh. "On-the-fly" syntax checking information may be incorrect. [C:\Users\anubh\OneDrive\Documents\GitHub\cache-picorv32\project_4.srcs\sources_1\new\mycore_tb.v:]
ERROR: [Common 17-180] Spawn failed: No error
close [ open C:/Users/anubh/OneDrive/Documents/GitHub/cache-picorv32/project_4.srcs/sources_1/new/picorv32.v w ]
add_files C:/Users/anubh/OneDrive/Documents/GitHub/cache-picorv32/project_4.srcs/sources_1/new/picorv32.v
update_compile_order -fileset sources_1
close [ open C:/Users/anubh/OneDrive/Documents/GitHub/cache-picorv32/project_4.srcs/sources_1/new/testbench_ez.v w ]
add_files C:/Users/anubh/OneDrive/Documents/GitHub/cache-picorv32/project_4.srcs/sources_1/new/testbench_ez.v
update_compile_order -fileset sources_1
close [ open C:/Users/anubh/OneDrive/Documents/GitHub/cache-picorv32/project_4.srcs/sources_1/new/testbench_small.v w ]
add_files C:/Users/anubh/OneDrive/Documents/GitHub/cache-picorv32/project_4.srcs/sources_1/new/testbench_small.v
update_compile_order -fileset sources_1
close [ open C:/Users/anubh/OneDrive/Documents/GitHub/cache-picorv32/project_4.srcs/sources_1/new/l1_cache.v w ]
add_files C:/Users/anubh/OneDrive/Documents/GitHub/cache-picorv32/project_4.srcs/sources_1/new/l1_cache.v
update_compile_order -fileset sources_1
launch_simulation
Command: launch_simulation 
INFO: [Vivado 12-5682] Launching behavioral simulation in 'C:/Users/anubh/OneDrive/Documents/GitHub/cache-picorv32/project_4.sim/sim_1/behav/xsim'
INFO: [SIM-utils-51] Simulation object is 'sim_1'
INFO: [SIM-utils-54] Inspecting design source files for 'mycore' in fileset 'sim_1'...
INFO: [USF-XSim-97] Finding global include files...
INFO: [USF-XSim-98] Fetching design files from 'sim_1'...
INFO: [USF-XSim-2] XSim::Compile design
INFO: [USF-XSim-61] Executing 'COMPILE and ANALYZE' step in 'C:/Users/anubh/OneDrive/Documents/GitHub/cache-picorv32/project_4.sim/sim_1/behav/xsim'
"xvlog --incr --relax -prj mycore_vlog.prj"
INFO: [VRFC 10-2263] Analyzing Verilog file "C:/Users/anubh/OneDrive/Documents/GitHub/cache-picorv32/project_4.srcs/sources_1/new/picorv32.v" into library xil_defaultlib
INFO: [VRFC 10-311] analyzing module picorv32
INFO: [VRFC 10-311] analyzing module picorv32_regs
INFO: [VRFC 10-311] analyzing module picorv32_pcpi_mul
INFO: [VRFC 10-311] analyzing module picorv32_pcpi_fast_mul
INFO: [VRFC 10-311] analyzing module picorv32_pcpi_div
INFO: [VRFC 10-311] analyzing module picorv32_axi
INFO: [VRFC 10-311] analyzing module picorv32_axi_adapter
INFO: [VRFC 10-311] analyzing module picorv32_wb
INFO: [VRFC 10-2263] Analyzing Verilog file "C:/Users/anubh/OneDrive/Documents/GitHub/cache-picorv32/project_4.srcs/sources_1/new/mycore.v" into library xil_defaultlib
INFO: [VRFC 10-311] analyzing module mycore
INFO: [VRFC 10-2263] Analyzing Verilog file "C:/Users/anubh/OneDrive/Documents/GitHub/cache-picorv32/project_4.sim/sim_1/behav/xsim/glbl.v" into library xil_defaultlib
INFO: [VRFC 10-311] analyzing module glbl
INFO: [USF-XSim-69] 'compile' step finished in '5' seconds
INFO: [USF-XSim-3] XSim::Elaborate design
INFO: [USF-XSim-61] Executing 'ELABORATE' step in 'C:/Users/anubh/OneDrive/Documents/GitHub/cache-picorv32/project_4.sim/sim_1/behav/xsim'
"xelab -wto 3f5a84d903d74706bf6b764ef651ce57 --incr --debug typical --relax --mt 2 -L xil_defaultlib -L unisims_ver -L unimacro_ver -L secureip --snapshot mycore_behav xil_defaultlib.mycore xil_defaultlib.glbl -log elaborate.log"
Vivado Simulator 2019.2
Copyright 1986-1999, 2001-2019 Xilinx, Inc. All Rights Reserved.
Running: C:/Xilinx/Vivado/2019.2/bin/unwrapped/win64.o/xelab.exe -wto 3f5a84d903d74706bf6b764ef651ce57 --incr --debug typical --relax --mt 2 -L xil_defaultlib -L unisims_ver -L unimacro_ver -L secureip --snapshot mycore_behav xil_defaultlib.mycore xil_defaultlib.glbl -log elaborate.log 
Using 2 slave threads.
Starting static elaboration
Pass Through NonSizing Optimizer
ERROR: [VRFC 10-3236] concurrent assignment to a non-net 'trap' is not permitted [C:/Users/anubh/OneDrive/Documents/GitHub/cache-picorv32/project_4.srcs/sources_1/new/mycore.v:19]
ERROR: [XSIM 43-3322] Static elaboration of top level Verilog design unit(s) in library work failed.
INFO: [USF-XSim-69] 'elaborate' step finished in '3' seconds
INFO: [USF-XSim-99] Step results log file:'C:/Users/anubh/OneDrive/Documents/GitHub/cache-picorv32/project_4.sim/sim_1/behav/xsim/elaborate.log'
ERROR: [USF-XSim-62] 'elaborate' step failed with error(s). Please check the Tcl console output or 'C:/Users/anubh/OneDrive/Documents/GitHub/cache-picorv32/project_4.sim/sim_1/behav/xsim/elaborate.log' file for more information.
ERROR: [Vivado 12-4473] Detected error while running simulation. Please correct the issue and retry this operation.
launch_simulation: Time (s): cpu = 00:00:02 ; elapsed = 00:00:12 . Memory (MB): peak = 975.113 ; gain = 0.000
ERROR: [Common 17-39] 'launch_simulation' failed due to earlier errors.
